<?xml version="1.0" encoding="UTF-8"?>
<testng-results ignored="0" total="1" passed="1" failed="0" skipped="0">
  <reporter-output>
  </reporter-output>
  <suite started-at="2026-04-20T10:19:53 IST" name="Default suite" finished-at="2026-04-20T10:20:02 IST" duration-ms="8537">
    <groups>
    </groups>
    <test started-at="2026-04-20T10:19:53 IST" name="Default test" finished-at="2026-04-20T10:20:02 IST" duration-ms="8537">
      <class name="com.aman.automation.SauceDemo3.LoginTest3">
        <test-method is-config="true" signature="setup()[pri:0, instance:com.aman.automation.SauceDemo3.LoginTest3@63355449]" started-at="2026-04-20T10:19:53 IST" name="setup" finished-at="2026-04-20T10:20:01 IST" duration-ms="7570" status="PASS">
          <reporter-output>
          </reporter-output>
        </test-method> <!-- setup -->
        <test-method signature="login()[pri:0, instance:com.aman.automation.SauceDemo3.LoginTest3@63355449]" started-at="2026-04-20T10:20:01 IST" name="login" finished-at="2026-04-20T10:20:02 IST" duration-ms="941" status="PASS">
          <reporter-output>
          </reporter-output>
        </test-method> <!-- login -->
      </class> <!-- com.aman.automation.SauceDemo3.LoginTest3 -->
    </test> <!-- Default test -->
  </suite> <!-- Default suite -->
</testng-results>
